2017/02/20 18:56:05 [error] [system.db.CDbCommand] CDbCommand::fetchAll() failed: SQLSTATE[42S22]: Column not found: 1054 Unknown column 'fch_fin_insripcion' in 'where clause'. The SQL statement executed was: SELECT `t`.`id_contest` AS `t0_c0`, `t`.`txt_token` AS `t0_c1`, `t`.`id_cliente` AS `t0_c2`, `t`.`id_status` AS `t0_c3`, `t`.`txt_name` AS `t0_c4`, `t`.`txt_contest_dec` AS `t0_c5`, `t`.`txt_url_contest` AS `t0_c6`, `t`.`txt_bases` AS `t0_c7`, `t`.`txt_fondo_url` AS `t0_c8`, `t`.`txt_ico_url` AS `t0_c9`, `t`.`txt_banner_img` AS `t0_c10`, `t`.`b_enabled` AS `t0_c11`, `t`.`fch_fin_inscripcion` AS `t0_c12`, `concursosPaises`.`id_contest` AS `t1_c0`, `concursosPaises`.`id_pais` AS `t1_c1` FROM `2gom_con_contests` `t`  LEFT OUTER JOIN `2gom_con_contest_pais` `concursosPaises` ON (`concursosPaises`.`id_contest`=`t`.`id_contest`)  WHERE (id_pais=:idPais AND fch_fin_insripcion<:fch).
2017/02/20 18:56:05 [error] [exception.CDbException] exception 'CDbException' with message 'CDbCommand failed to execute the SQL statement: SQLSTATE[42S22]: Column not found: 1054 Unknown column 'fch_fin_insripcion' in 'where clause'' in C:\xampp\Yii\yii\framework\db\CDbCommand.php:543
Stack trace:
#0 C:\xampp\Yii\yii\framework\db\CDbCommand.php(396): CDbCommand->queryInternal('fetchAll', Array, Array)
#1 C:\xampp\Yii\yii\framework\db\ar\CActiveFinder.php(803): CDbCommand->queryAll()
#2 C:\xampp\Yii\yii\framework\db\ar\CActiveFinder.php(437): CJoinElement->runQuery(Object(CJoinQuery))
#3 C:\xampp\Yii\yii\framework\db\ar\CActiveFinder.php(68): CJoinElement->find(Object(CDbCriteria))
#4 C:\xampp\Yii\yii\framework\db\ar\CActiveRecord.php(1356): CActiveFinder->query(Object(CDbCriteria), true)
#5 C:\xampp\Yii\yii\framework\db\ar\CActiveRecord.php(1470): CActiveRecord->query(Object(CDbCriteria), true)
#6 C:\xampp\htdocs\wwwComite2017\protected\models\ConContests.php(167): CActiveRecord->findAll(Object(CDbCriteria))
#7 C:\xampp\htdocs\wwwComite2017\protected\controllers\UsrUsuariosController.php(472): ConContests::getConcursosHabilitadosPais(1)
#8 C:\xampp\Yii\yii\framework\web\actions\CInlineAction.php(49): UsrUsuariosController->actionConcursos()
#9 C:\xampp\Yii\yii\framework\web\CController.php(308): CInlineAction->runWithParams(Array)
#10 C:\xampp\Yii\yii\framework\web\filters\CFilterChain.php(133): CController->runAction(Object(CInlineAction))
#11 C:\xampp\Yii\yii\framework\web\filters\CFilter.php(40): CFilterChain->run()
#12 C:\xampp\Yii\yii\framework\web\CController.php(1145): CFilter->filter(Object(CFilterChain))
#13 C:\xampp\Yii\yii\framework\web\filters\CInlineFilter.php(58): CController->filterAccessControl(Object(CFilterChain))
#14 C:\xampp\Yii\yii\framework\web\filters\CFilterChain.php(130): CInlineFilter->filter(Object(CFilterChain))
#15 C:\xampp\Yii\yii\framework\web\CController.php(291): CFilterChain->run()
#16 C:\xampp\Yii\yii\framework\web\CController.php(265): CController->runActionWithFilters(Object(CInlineAction), Array)
#17 C:\xampp\Yii\yii\framework\web\CWebApplication.php(282): CController->run('concursos')
#18 C:\xampp\Yii\yii\framework\web\CWebApplication.php(141): CWebApplication->runController('usrUsuarios/con...')
#19 C:\xampp\Yii\yii\framework\base\CApplication.php(180): CWebApplication->processRequest()
#20 C:\xampp\htdocs\wwwComite2017\index.php(13): CApplication->run()
#21 {main}
REQUEST_URI=/wwwComite2017/usrUsuarios/concursos
HTTP_REFERER=http://localhost/wwwComite2017/usrUsuarios/registrar
---
2017/02/20 18:58:36 [error] [exception.CHttpException.404] exception 'CHttpException' with message 'Unable to resolve the request "themes/2gomDark/css/bootstrap.min.css.map".' in C:\xampp\Yii\yii\framework\web\CWebApplication.php:286
Stack trace:
#0 C:\xampp\Yii\yii\framework\web\CWebApplication.php(141): CWebApplication->runController('themes/2gomDark...')
#1 C:\xampp\Yii\yii\framework\base\CApplication.php(180): CWebApplication->processRequest()
#2 C:\xampp\htdocs\wwwComite2017\index.php(13): CApplication->run()
#3 {main}
REQUEST_URI=/wwwComite2017/themes/2gomDark/css/bootstrap.min.css.map
---
2017/02/20 18:58:37 [error] [exception.CHttpException.404] exception 'CHttpException' with message 'Unable to resolve the request "themes/2gomDark/js/toastr.js.map".' in C:\xampp\Yii\yii\framework\web\CWebApplication.php:286
Stack trace:
#0 C:\xampp\Yii\yii\framework\web\CWebApplication.php(141): CWebApplication->runController('themes/2gomDark...')
#1 C:\xampp\Yii\yii\framework\base\CApplication.php(180): CWebApplication->processRequest()
#2 C:\xampp\htdocs\wwwComite2017\index.php(13): CApplication->run()
#3 {main}
REQUEST_URI=/wwwComite2017/themes/2gomDark/js/toastr.js.map
---
2017/02/20 19:04:52 [error] [php] Undefined variable: concuso (C:\xampp\htdocs\wwwComite2017\protected\views\usrUsuarios\concursos.php:16)
Stack trace:
#0 C:\xampp\Yii\yii\framework\web\CController.php(869): UsrUsuariosController->renderFile()
#1 C:\xampp\Yii\yii\framework\web\CController.php(782): UsrUsuariosController->renderPartial()
#2 C:\xampp\htdocs\wwwComite2017\protected\controllers\UsrUsuariosController.php(476): UsrUsuariosController->render()
#3 C:\xampp\Yii\yii\framework\web\actions\CInlineAction.php(49): UsrUsuariosController->actionConcursos()
#4 C:\xampp\Yii\yii\framework\web\CController.php(308): CInlineAction->runWithParams()
#5 C:\xampp\Yii\yii\framework\web\filters\CFilterChain.php(133): UsrUsuariosController->runAction()
#6 C:\xampp\Yii\yii\framework\web\filters\CFilter.php(40): CFilterChain->run()
#7 C:\xampp\Yii\yii\framework\web\CController.php(1145): CAccessControlFilter->filter()
#8 C:\xampp\Yii\yii\framework\web\filters\CInlineFilter.php(58): UsrUsuariosController->filterAccessControl()
#9 C:\xampp\Yii\yii\framework\web\filters\CFilterChain.php(130): CInlineFilter->filter()
#10 C:\xampp\Yii\yii\framework\web\CController.php(291): CFilterChain->run()
#11 C:\xampp\Yii\yii\framework\web\CController.php(265): UsrUsuariosController->runActionWithFilters()
#12 C:\xampp\Yii\yii\framework\web\CWebApplication.php(282): UsrUsuariosController->run()
#13 C:\xampp\Yii\yii\framework\web\CWebApplication.php(141): CWebApplication->runController()
#14 C:\xampp\Yii\yii\framework\base\CApplication.php(180): CWebApplication->processRequest()
#15 C:\xampp\htdocs\wwwComite2017\index.php(13): CWebApplication->run()
REQUEST_URI=/wwwComite2017/usrUsuarios/concursos
2017/02/20 19:05:50 [error] [exception.CHttpException.404] exception 'CHttpException' with message 'Unable to resolve the request "themes/2gomDark/css/bootstrap.min.css.map".' in C:\xampp\Yii\yii\framework\web\CWebApplication.php:286
Stack trace:
#0 C:\xampp\Yii\yii\framework\web\CWebApplication.php(141): CWebApplication->runController('themes/2gomDark...')
#1 C:\xampp\Yii\yii\framework\base\CApplication.php(180): CWebApplication->processRequest()
#2 C:\xampp\htdocs\wwwComite2017\index.php(13): CApplication->run()
#3 {main}
REQUEST_URI=/wwwComite2017/themes/2gomDark/css/bootstrap.min.css.map
---
2017/02/20 19:05:50 [error] [exception.CHttpException.404] exception 'CHttpException' with message 'Unable to resolve the request "con_69889332aaf5b3138ff60ff9abcb2d5058ab6b508734f/login.png".' in C:\xampp\Yii\yii\framework\web\CWebApplication.php:286
Stack trace:
#0 C:\xampp\Yii\yii\framework\web\CWebApplication.php(141): CWebApplication->runController('con_69889332aaf...')
#1 C:\xampp\Yii\yii\framework\base\CApplication.php(180): CWebApplication->processRequest()
#2 C:\xampp\htdocs\wwwComite2017\index.php(13): CApplication->run()
#3 {main}
REQUEST_URI=/wwwComite2017/con_69889332aaf5b3138ff60ff9abcb2d5058ab6b508734f/login.png
HTTP_REFERER=http://localhost/wwwComite2017/usrUsuarios/concursos
---
2017/02/20 19:05:50 [error] [exception.CHttpException.404] exception 'CHttpException' with message 'Unable to resolve the request "con_0d3e5f203a8a868ca2138b890e43899758ab7b2b46494/miFotoDefault_.jpg".' in C:\xampp\Yii\yii\framework\web\CWebApplication.php:286
Stack trace:
#0 C:\xampp\Yii\yii\framework\web\CWebApplication.php(141): CWebApplication->runController('con_0d3e5f203a8...')
#1 C:\xampp\Yii\yii\framework\base\CApplication.php(180): CWebApplication->processRequest()
#2 C:\xampp\htdocs\wwwComite2017\index.php(13): CApplication->run()
#3 {main}
REQUEST_URI=/wwwComite2017/con_0d3e5f203a8a868ca2138b890e43899758ab7b2b46494/miFotoDefault_.jpg
HTTP_REFERER=http://localhost/wwwComite2017/usrUsuarios/concursos
---
2017/02/20 19:05:51 [error] [exception.CHttpException.404] exception 'CHttpException' with message 'Unable to resolve the request "themes/2gomDark/js/toastr.js.map".' in C:\xampp\Yii\yii\framework\web\CWebApplication.php:286
Stack trace:
#0 C:\xampp\Yii\yii\framework\web\CWebApplication.php(141): CWebApplication->runController('themes/2gomDark...')
#1 C:\xampp\Yii\yii\framework\base\CApplication.php(180): CWebApplication->processRequest()
#2 C:\xampp\htdocs\wwwComite2017\index.php(13): CApplication->run()
#3 {main}
REQUEST_URI=/wwwComite2017/themes/2gomDark/js/toastr.js.map
---
2017/02/20 19:06:01 [error] [exception.CHttpException.404] exception 'CHttpException' with message 'Unable to resolve the request "themes/2gomDark/css/bootstrap.min.css.map".' in C:\xampp\Yii\yii\framework\web\CWebApplication.php:286
Stack trace:
#0 C:\xampp\Yii\yii\framework\web\CWebApplication.php(141): CWebApplication->runController('themes/2gomDark...')
#1 C:\xampp\Yii\yii\framework\base\CApplication.php(180): CWebApplication->processRequest()
#2 C:\xampp\htdocs\wwwComite2017\index.php(13): CApplication->run()
#3 {main}
REQUEST_URI=/wwwComite2017/themes/2gomDark/css/bootstrap.min.css.map
---
2017/02/20 19:06:02 [error] [exception.CHttpException.404] exception 'CHttpException' with message 'Unable to resolve the request "themes/2gomDark/js/toastr.js.map".' in C:\xampp\Yii\yii\framework\web\CWebApplication.php:286
Stack trace:
#0 C:\xampp\Yii\yii\framework\web\CWebApplication.php(141): CWebApplication->runController('themes/2gomDark...')
#1 C:\xampp\Yii\yii\framework\base\CApplication.php(180): CWebApplication->processRequest()
#2 C:\xampp\htdocs\wwwComite2017\index.php(13): CApplication->run()
#3 {main}
REQUEST_URI=/wwwComite2017/themes/2gomDark/js/toastr.js.map
---
2017/02/20 19:06:32 [error] [exception.CHttpException.404] exception 'CHttpException' with message 'Unable to resolve the request "themes/2gomDark/css/bootstrap.min.css.map".' in C:\xampp\Yii\yii\framework\web\CWebApplication.php:286
Stack trace:
#0 C:\xampp\Yii\yii\framework\web\CWebApplication.php(141): CWebApplication->runController('themes/2gomDark...')
#1 C:\xampp\Yii\yii\framework\base\CApplication.php(180): CWebApplication->processRequest()
#2 C:\xampp\htdocs\wwwComite2017\index.php(13): CApplication->run()
#3 {main}
REQUEST_URI=/wwwComite2017/themes/2gomDark/css/bootstrap.min.css.map
---
2017/02/20 19:06:33 [error] [exception.CHttpException.404] exception 'CHttpException' with message 'Unable to resolve the request "themes/2gomDark/js/toastr.js.map".' in C:\xampp\Yii\yii\framework\web\CWebApplication.php:286
Stack trace:
#0 C:\xampp\Yii\yii\framework\web\CWebApplication.php(141): CWebApplication->runController('themes/2gomDark...')
#1 C:\xampp\Yii\yii\framework\base\CApplication.php(180): CWebApplication->processRequest()
#2 C:\xampp\htdocs\wwwComite2017\index.php(13): CApplication->run()
#3 {main}
REQUEST_URI=/wwwComite2017/themes/2gomDark/js/toastr.js.map
---
2017/02/20 19:07:15 [error] [exception.CException] exception 'CException' with message 'Property "ConContests.txt_nombre" is not defined.' in C:\xampp\Yii\yii\framework\base\CComponent.php:130
Stack trace:
#0 C:\xampp\Yii\yii\framework\db\ar\CActiveRecord.php(145): CComponent->__get('txt_nombre')
#1 C:\xampp\htdocs\wwwComite2017\protected\views\usrUsuarios\concursos.php(15): CActiveRecord->__get('txt_nombre')
#2 C:\xampp\Yii\yii\framework\web\CBaseController.php(126): require('C:\\xampp\\htdocs...')
#3 C:\xampp\Yii\yii\framework\web\CBaseController.php(95): CBaseController->renderInternal('C:\\xampp\\htdocs...', Array, true)
#4 C:\xampp\Yii\yii\framework\web\CController.php(869): CBaseController->renderFile('C:\\xampp\\htdocs...', Array, true)
#5 C:\xampp\Yii\yii\framework\web\CController.php(782): CController->renderPartial('concursos', Array, true)
#6 C:\xampp\htdocs\wwwComite2017\protected\controllers\UsrUsuariosController.php(476): CController->render('concursos', Array)
#7 C:\xampp\Yii\yii\framework\web\actions\CInlineAction.php(49): UsrUsuariosController->actionConcursos()
#8 C:\xampp\Yii\yii\framework\web\CController.php(308): CInlineAction->runWithParams(Array)
#9 C:\xampp\Yii\yii\framework\web\filters\CFilterChain.php(133): CController->runAction(Object(CInlineAction))
#10 C:\xampp\Yii\yii\framework\web\filters\CFilter.php(40): CFilterChain->run()
#11 C:\xampp\Yii\yii\framework\web\CController.php(1145): CFilter->filter(Object(CFilterChain))
#12 C:\xampp\Yii\yii\framework\web\filters\CInlineFilter.php(58): CController->filterAccessControl(Object(CFilterChain))
#13 C:\xampp\Yii\yii\framework\web\filters\CFilterChain.php(130): CInlineFilter->filter(Object(CFilterChain))
#14 C:\xampp\Yii\yii\framework\web\CController.php(291): CFilterChain->run()
#15 C:\xampp\Yii\yii\framework\web\CController.php(265): CController->runActionWithFilters(Object(CInlineAction), Array)
#16 C:\xampp\Yii\yii\framework\web\CWebApplication.php(282): CController->run('concursos')
#17 C:\xampp\Yii\yii\framework\web\CWebApplication.php(141): CWebApplication->runController('usrUsuarios/con...')
#18 C:\xampp\Yii\yii\framework\base\CApplication.php(180): CWebApplication->processRequest()
#19 C:\xampp\htdocs\wwwComite2017\index.php(13): CApplication->run()
#20 {main}
REQUEST_URI=/wwwComite2017/usrUsuarios/concursos
HTTP_REFERER=http://localhost/wwwComite2017/usrUsuarios/registrar
---
2017/02/20 19:07:30 [error] [exception.CHttpException.404] exception 'CHttpException' with message 'Unable to resolve the request "themes/2gomDark/css/bootstrap.min.css.map".' in C:\xampp\Yii\yii\framework\web\CWebApplication.php:286
Stack trace:
#0 C:\xampp\Yii\yii\framework\web\CWebApplication.php(141): CWebApplication->runController('themes/2gomDark...')
#1 C:\xampp\Yii\yii\framework\base\CApplication.php(180): CWebApplication->processRequest()
#2 C:\xampp\htdocs\wwwComite2017\index.php(13): CApplication->run()
#3 {main}
REQUEST_URI=/wwwComite2017/themes/2gomDark/css/bootstrap.min.css.map
---
2017/02/20 19:07:31 [error] [exception.CHttpException.404] exception 'CHttpException' with message 'Unable to resolve the request "themes/2gomDark/js/toastr.js.map".' in C:\xampp\Yii\yii\framework\web\CWebApplication.php:286
Stack trace:
#0 C:\xampp\Yii\yii\framework\web\CWebApplication.php(141): CWebApplication->runController('themes/2gomDark...')
#1 C:\xampp\Yii\yii\framework\base\CApplication.php(180): CWebApplication->processRequest()
#2 C:\xampp\htdocs\wwwComite2017\index.php(13): CApplication->run()
#3 {main}
REQUEST_URI=/wwwComite2017/themes/2gomDark/js/toastr.js.map
---
2017/02/20 19:07:42 [error] [exception.CHttpException.404] exception 'CHttpException' with message 'Unable to resolve the request "themes/2gomDark/css/bootstrap.min.css.map".' in C:\xampp\Yii\yii\framework\web\CWebApplication.php:286
Stack trace:
#0 C:\xampp\Yii\yii\framework\web\CWebApplication.php(141): CWebApplication->runController('themes/2gomDark...')
#1 C:\xampp\Yii\yii\framework\base\CApplication.php(180): CWebApplication->processRequest()
#2 C:\xampp\htdocs\wwwComite2017\index.php(13): CApplication->run()
#3 {main}
REQUEST_URI=/wwwComite2017/themes/2gomDark/css/bootstrap.min.css.map
---
2017/02/20 19:07:43 [error] [exception.CHttpException.404] exception 'CHttpException' with message 'Unable to resolve the request "themes/2gomDark/js/toastr.js.map".' in C:\xampp\Yii\yii\framework\web\CWebApplication.php:286
Stack trace:
#0 C:\xampp\Yii\yii\framework\web\CWebApplication.php(141): CWebApplication->runController('themes/2gomDark...')
#1 C:\xampp\Yii\yii\framework\base\CApplication.php(180): CWebApplication->processRequest()
#2 C:\xampp\htdocs\wwwComite2017\index.php(13): CApplication->run()
#3 {main}
REQUEST_URI=/wwwComite2017/themes/2gomDark/js/toastr.js.map
---
2017/02/20 19:08:22 [error] [exception.CHttpException.404] exception 'CHttpException' with message 'Unable to resolve the request "themes/2gomDark/css/bootstrap.min.css.map".' in C:\xampp\Yii\yii\framework\web\CWebApplication.php:286
Stack trace:
#0 C:\xampp\Yii\yii\framework\web\CWebApplication.php(141): CWebApplication->runController('themes/2gomDark...')
#1 C:\xampp\Yii\yii\framework\base\CApplication.php(180): CWebApplication->processRequest()
#2 C:\xampp\htdocs\wwwComite2017\index.php(13): CApplication->run()
#3 {main}
REQUEST_URI=/wwwComite2017/themes/2gomDark/css/bootstrap.min.css.map
---
2017/02/20 19:08:23 [error] [exception.CHttpException.404] exception 'CHttpException' with message 'Unable to resolve the request "themes/2gomDark/js/toastr.js.map".' in C:\xampp\Yii\yii\framework\web\CWebApplication.php:286
Stack trace:
#0 C:\xampp\Yii\yii\framework\web\CWebApplication.php(141): CWebApplication->runController('themes/2gomDark...')
#1 C:\xampp\Yii\yii\framework\base\CApplication.php(180): CWebApplication->processRequest()
#2 C:\xampp\htdocs\wwwComite2017\index.php(13): CApplication->run()
#3 {main}
REQUEST_URI=/wwwComite2017/themes/2gomDark/js/toastr.js.map
---
2017/02/20 19:14:28 [error] [exception.CHttpException.404] exception 'CHttpException' with message 'Unable to resolve the request "themes/2gomDark/css/bootstrap.min.css.map".' in C:\xampp\Yii\yii\framework\web\CWebApplication.php:286
Stack trace:
#0 C:\xampp\Yii\yii\framework\web\CWebApplication.php(141): CWebApplication->runController('themes/2gomDark...')
#1 C:\xampp\Yii\yii\framework\base\CApplication.php(180): CWebApplication->processRequest()
#2 C:\xampp\htdocs\wwwComite2017\index.php(13): CApplication->run()
#3 {main}
REQUEST_URI=/wwwComite2017/themes/2gomDark/css/bootstrap.min.css.map
---
2017/02/20 19:14:30 [error] [exception.CHttpException.404] exception 'CHttpException' with message 'Unable to resolve the request "themes/2gomDark/js/toastr.js.map".' in C:\xampp\Yii\yii\framework\web\CWebApplication.php:286
Stack trace:
#0 C:\xampp\Yii\yii\framework\web\CWebApplication.php(141): CWebApplication->runController('themes/2gomDark...')
#1 C:\xampp\Yii\yii\framework\base\CApplication.php(180): CWebApplication->processRequest()
#2 C:\xampp\htdocs\wwwComite2017\index.php(13): CApplication->run()
#3 {main}
REQUEST_URI=/wwwComite2017/themes/2gomDark/js/toastr.js.map
---
2017/02/21 10:54:06 [error] [exception.CHttpException.404] exception 'CHttpException' with message 'The requested page does not exist.' in C:\xampp\htdocs\wwwComite2017\protected\controllers\SiteController.php:109
Stack trace:
#0 C:\xampp\htdocs\wwwComite2017\protected\controllers\SiteController.php(73): SiteController->verificarToken(NULL)
#1 [internal function]: SiteController->actionLogin(NULL)
#2 C:\xampp\Yii\yii\framework\web\actions\CAction.php(108): ReflectionMethod->invokeArgs(Object(SiteController), Array)
#3 C:\xampp\Yii\yii\framework\web\actions\CInlineAction.php(47): CAction->runWithParamsInternal(Object(SiteController), Object(ReflectionMethod), Array)
#4 C:\xampp\Yii\yii\framework\web\CController.php(308): CInlineAction->runWithParams(Array)
#5 C:\xampp\Yii\yii\framework\web\CController.php(286): CController->runAction(Object(CInlineAction))
#6 C:\xampp\Yii\yii\framework\web\CController.php(265): CController->runActionWithFilters(Object(CInlineAction), Array)
#7 C:\xampp\Yii\yii\framework\web\CWebApplication.php(282): CController->run('login')
#8 C:\xampp\Yii\yii\framework\web\CWebApplication.php(141): CWebApplication->runController('site/login')
#9 C:\xampp\Yii\yii\framework\base\CApplication.php(180): CWebApplication->processRequest()
#10 C:\xampp\htdocs\wwwComite2017\index.php(13): CApplication->run()
#11 {main}
REQUEST_URI=/wwwComite2017/site/login
---
2017/02/21 10:54:12 [error] [exception.CHttpException.404] exception 'CHttpException' with message 'The requested page does not exist.' in C:\xampp\htdocs\wwwComite2017\protected\controllers\SiteController.php:109
Stack trace:
#0 C:\xampp\htdocs\wwwComite2017\protected\controllers\SiteController.php(73): SiteController->verificarToken(NULL)
#1 [internal function]: SiteController->actionLogin(NULL)
#2 C:\xampp\Yii\yii\framework\web\actions\CAction.php(108): ReflectionMethod->invokeArgs(Object(SiteController), Array)
#3 C:\xampp\Yii\yii\framework\web\actions\CInlineAction.php(47): CAction->runWithParamsInternal(Object(SiteController), Object(ReflectionMethod), Array)
#4 C:\xampp\Yii\yii\framework\web\CController.php(308): CInlineAction->runWithParams(Array)
#5 C:\xampp\Yii\yii\framework\web\CController.php(286): CController->runAction(Object(CInlineAction))
#6 C:\xampp\Yii\yii\framework\web\CController.php(265): CController->runActionWithFilters(Object(CInlineAction), Array)
#7 C:\xampp\Yii\yii\framework\web\CWebApplication.php(282): CController->run('login')
#8 C:\xampp\Yii\yii\framework\web\CWebApplication.php(141): CWebApplication->runController('site/login')
#9 C:\xampp\Yii\yii\framework\base\CApplication.php(180): CWebApplication->processRequest()
#10 C:\xampp\htdocs\wwwComite2017\index.php(13): CApplication->run()
#11 {main}
REQUEST_URI=/wwwComite2017/site/login
---
